[2021-01-15 13:43:16] app.INFO: Protect vendor folder in module contactform [] []
[2021-01-15 13:43:16] app.INFO: Module contactform has no vendor folder [] []
[2021-01-15 13:43:17] app.INFO: Protect vendor folder in module dashactivity [] []
[2021-01-15 13:43:17] app.INFO: Module dashactivity has no vendor folder [] []
[2021-01-15 13:43:20] app.INFO: Protect vendor folder in module dashgoals [] []
[2021-01-15 13:43:20] app.INFO: Module dashgoals has no vendor folder [] []
[2021-01-15 13:43:21] app.INFO: Protect vendor folder in module dashproducts [] []
[2021-01-15 13:43:21] app.INFO: Module dashproducts has no vendor folder [] []
[2021-01-15 13:43:22] app.INFO: Protect vendor folder in module dashtrends [] []
[2021-01-15 13:43:22] app.INFO: Module dashtrends has no vendor folder [] []
[2021-01-15 13:43:22] app.INFO: Protect vendor folder in module graphnvd3 [] []
[2021-01-15 13:43:22] app.INFO: Module graphnvd3 has no vendor folder [] []
[2021-01-15 13:43:23] app.INFO: Protect vendor folder in module gridhtml [] []
[2021-01-15 13:43:23] app.INFO: Module gridhtml has no vendor folder [] []
[2021-01-15 13:43:23] app.INFO: Protect vendor folder in module gsitemap [] []
[2021-01-15 13:43:24] app.INFO: Module gsitemap has no vendor folder [] []
[2021-01-15 13:43:24] app.INFO: Protect vendor folder in module pagesnotfound [] []
[2021-01-15 13:43:24] app.INFO: Module pagesnotfound has no vendor folder [] []
[2021-01-15 13:43:26] app.INFO: Protect vendor folder in module productcomments [] []
[2021-01-15 13:43:26] app.INFO: Module productcomments has no vendor folder [] []
[2021-01-15 13:43:26] app.INFO: Protect vendor folder in module ps_banner [] []
[2021-01-15 13:43:26] app.INFO: Module ps_banner has no vendor folder [] []
[2021-01-15 13:43:27] app.INFO: Protect vendor folder in module ps_categorytree [] []
[2021-01-15 13:43:27] app.INFO: Module ps_categorytree has no vendor folder [] []
[2021-01-15 13:43:28] app.INFO: Protect vendor folder in module ps_checkpayment [] []
[2021-01-15 13:43:28] app.INFO: Module ps_checkpayment has no vendor folder [] []
[2021-01-15 13:43:29] app.INFO: Protect vendor folder in module ps_contactinfo [] []
[2021-01-15 13:43:29] app.INFO: Module ps_contactinfo has no vendor folder [] []
[2021-01-15 13:43:29] app.INFO: Protect vendor folder in module ps_crossselling [] []
[2021-01-15 13:43:29] app.INFO: Module ps_crossselling has no vendor folder [] []
[2021-01-15 13:43:30] app.INFO: Protect vendor folder in module ps_currencyselector [] []
[2021-01-15 13:43:30] app.INFO: Module ps_currencyselector has no vendor folder [] []
[2021-01-15 13:43:30] app.INFO: Protect vendor folder in module ps_customeraccountlinks [] []
[2021-01-15 13:43:31] app.INFO: Module ps_customeraccountlinks has no vendor folder [] []
[2021-01-15 13:43:31] app.INFO: Protect vendor folder in module ps_customersignin [] []
[2021-01-15 13:43:31] app.INFO: Module ps_customersignin has no vendor folder [] []
[2021-01-15 13:43:32] app.INFO: Protect vendor folder in module ps_customtext [] []
[2021-01-15 13:43:32] app.INFO: Module ps_customtext has no vendor folder [] []
[2021-01-15 13:43:32] app.INFO: Protect vendor folder in module ps_dataprivacy [] []
[2021-01-15 13:43:32] app.INFO: Module ps_dataprivacy has no vendor folder [] []
[2021-01-15 13:43:34] app.INFO: Protect vendor folder in module ps_emailsubscription [] []
[2021-01-15 13:43:34] app.INFO: Module ps_emailsubscription has no vendor folder [] []
[2021-01-15 13:43:37] app.INFO: Protect vendor folder in module ps_facetedsearch [] []
[2021-01-15 13:43:37] app.INFO: Module ps_facetedsearch has no vendor folder [] []
[2021-01-15 13:43:38] app.INFO: Protect vendor folder in module ps_faviconnotificationbo [] []
[2021-01-15 13:43:38] app.INFO: Module ps_faviconnotificationbo has no vendor folder [] []
[2021-01-15 13:43:40] app.INFO: Protect vendor folder in module ps_featuredproducts [] []
[2021-01-15 13:43:40] app.INFO: Module ps_featuredproducts has no vendor folder [] []
[2021-01-15 13:43:41] app.INFO: Protect vendor folder in module ps_imageslider [] []
[2021-01-15 13:43:41] app.INFO: Module ps_imageslider has no vendor folder [] []
[2021-01-15 13:43:41] app.INFO: Protect vendor folder in module ps_languageselector [] []
[2021-01-15 13:43:41] app.INFO: Module ps_languageselector has no vendor folder [] []
[2021-01-15 13:43:42] app.INFO: Protect vendor folder in module ps_linklist [] []
[2021-01-15 13:43:42] app.INFO: Module ps_linklist has no vendor folder [] []
[2021-01-15 13:43:42] app.ERROR: Cannot register tab "AdminLinkWidget" because it already exists [] []
[2021-01-15 13:43:45] app.INFO: Protect vendor folder in module ps_mainmenu [] []
[2021-01-15 13:43:45] app.INFO: Module ps_mainmenu has no vendor folder [] []
[2021-01-15 13:43:45] app.INFO: Protect vendor folder in module ps_searchbar [] []
[2021-01-15 13:43:45] app.INFO: Module ps_searchbar has no vendor folder [] []
[2021-01-15 13:43:46] app.INFO: Protect vendor folder in module ps_sharebuttons [] []
[2021-01-15 13:43:46] app.INFO: Module ps_sharebuttons has no vendor folder [] []
[2021-01-15 13:43:46] app.INFO: Protect vendor folder in module ps_shoppingcart [] []
[2021-01-15 13:43:46] app.INFO: Module ps_shoppingcart has no vendor folder [] []
[2021-01-15 13:43:47] app.INFO: Protect vendor folder in module ps_socialfollow [] []
[2021-01-15 13:43:47] app.INFO: Module ps_socialfollow has no vendor folder [] []
[2021-01-15 13:43:50] app.INFO: Protect vendor folder in module ps_themecusto [] []
[2021-01-15 13:43:50] app.INFO: Module ps_themecusto has no vendor folder [] []
[2021-01-15 13:43:51] app.INFO: Protect vendor folder in module ps_wirepayment [] []
[2021-01-15 13:43:51] app.INFO: Module ps_wirepayment has no vendor folder [] []
[2021-01-15 13:43:51] app.INFO: Protect vendor folder in module sekeywords [] []
[2021-01-15 13:43:51] app.INFO: Module sekeywords has no vendor folder [] []
[2021-01-15 13:43:52] app.INFO: Protect vendor folder in module statsbestcategories [] []
[2021-01-15 13:43:52] app.INFO: Module statsbestcategories has no vendor folder [] []
[2021-01-15 13:43:52] app.INFO: Protect vendor folder in module statsbestcustomers [] []
[2021-01-15 13:43:52] app.INFO: Module statsbestcustomers has no vendor folder [] []
[2021-01-15 13:43:53] app.INFO: Protect vendor folder in module statsbestproducts [] []
[2021-01-15 13:43:53] app.INFO: Module statsbestproducts has no vendor folder [] []
[2021-01-15 13:43:53] app.INFO: Protect vendor folder in module statsbestsuppliers [] []
[2021-01-15 13:43:53] app.INFO: Module statsbestsuppliers has no vendor folder [] []
[2021-01-15 13:43:54] app.INFO: Protect vendor folder in module statsbestvouchers [] []
[2021-01-15 13:43:54] app.INFO: Module statsbestvouchers has no vendor folder [] []
[2021-01-15 13:43:54] app.INFO: Protect vendor folder in module statscarrier [] []
[2021-01-15 13:43:54] app.INFO: Module statscarrier has no vendor folder [] []
[2021-01-15 13:43:55] app.INFO: Protect vendor folder in module statscatalog [] []
[2021-01-15 13:43:55] app.INFO: Module statscatalog has no vendor folder [] []
[2021-01-15 13:43:55] app.INFO: Protect vendor folder in module statscheckup [] []
[2021-01-15 13:43:55] app.INFO: Module statscheckup has no vendor folder [] []
[2021-01-15 13:43:56] app.INFO: Protect vendor folder in module statsdata [] []
[2021-01-15 13:43:56] app.INFO: Module statsdata has no vendor folder [] []
[2021-01-15 13:43:56] app.INFO: Protect vendor folder in module statsequipment [] []
[2021-01-15 13:43:56] app.INFO: Module statsequipment has no vendor folder [] []
[2021-01-15 13:43:57] app.INFO: Protect vendor folder in module statsforecast [] []
[2021-01-15 13:43:57] app.INFO: Module statsforecast has no vendor folder [] []
[2021-01-15 13:43:57] app.INFO: Protect vendor folder in module statslive [] []
[2021-01-15 13:43:57] app.INFO: Module statslive has no vendor folder [] []
[2021-01-15 13:43:58] app.INFO: Protect vendor folder in module statsnewsletter [] []
[2021-01-15 13:43:58] app.INFO: Module statsnewsletter has no vendor folder [] []
[2021-01-15 13:43:58] app.INFO: Protect vendor folder in module statsorigin [] []
[2021-01-15 13:43:58] app.INFO: Module statsorigin has no vendor folder [] []
[2021-01-15 13:43:59] app.INFO: Protect vendor folder in module statspersonalinfos [] []
[2021-01-15 13:43:59] app.INFO: Module statspersonalinfos has no vendor folder [] []
[2021-01-15 13:43:59] app.INFO: Protect vendor folder in module statsproduct [] []
[2021-01-15 13:43:59] app.INFO: Module statsproduct has no vendor folder [] []
[2021-01-15 13:43:59] app.INFO: Protect vendor folder in module statsregistrations [] []
[2021-01-15 13:44:00] app.INFO: Module statsregistrations has no vendor folder [] []
[2021-01-15 13:44:00] app.INFO: Protect vendor folder in module statssales [] []
[2021-01-15 13:44:00] app.INFO: Module statssales has no vendor folder [] []
[2021-01-15 13:44:00] app.INFO: Protect vendor folder in module statssearch [] []
[2021-01-15 13:44:00] app.INFO: Module statssearch has no vendor folder [] []
[2021-01-15 13:44:01] app.INFO: Protect vendor folder in module statsstock [] []
[2021-01-15 13:44:01] app.INFO: Module statsstock has no vendor folder [] []
[2021-01-15 13:44:01] app.INFO: Protect vendor folder in module statsvisits [] []
[2021-01-15 13:44:01] app.INFO: Module statsvisits has no vendor folder [] []
[2021-01-15 13:44:03] app.INFO: Protect vendor folder in module welcome [] []
[2021-01-15 13:44:03] app.INFO: Module welcome has no vendor folder [] []
[2021-01-15 13:44:05] app.INFO: Exporting mail with theme modern for language Nederlands (Dutch) [] []
[2021-01-15 13:44:05] app.INFO: Core output folder: /opt/lampp/htdocs/shop/mails [] []
[2021-01-15 13:44:05] app.INFO: Modules output folder: /opt/lampp/htdocs/shop/modules/ [] []
[2021-01-15 16:29:36] request.CRITICAL: Uncaught PHP Exception Symfony\Component\Debug\Exception\FatalThrowableError: "Parse error: syntax error, unexpected 'if' (T_IF)" at /opt/lampp/htdocs/shop/modules/mgweb_ohmega_connect/mgweb_ohmega_connect.php line 151 {"exception":"[object] (Symfony\\Component\\Debug\\Exception\\FatalThrowableError(code: 0): Parse error: syntax error, unexpected 'if' (T_IF) at /opt/lampp/htdocs/shop/modules/mgweb_ohmega_connect/mgweb_ohmega_connect.php:151)"} []
[2021-01-15 17:10:16] request.CRITICAL: Uncaught PHP Exception Symfony\Component\Debug\Exception\FatalThrowableError: "Type error: Too few arguments to function HelperListCore::generateList(), 1 passed in /opt/lampp/htdocs/shop/modules/mgweb_ohmega_connect/mgweb_ohmega_connect.php on line 262 and exactly 2 expected" at /opt/lampp/htdocs/shop/classes/helper/HelperList.php line 170 {"exception":"[object] (Symfony\\Component\\Debug\\Exception\\FatalThrowableError(code: 0): Type error: Too few arguments to function HelperListCore::generateList(), 1 passed in /opt/lampp/htdocs/shop/modules/mgweb_ohmega_connect/mgweb_ohmega_connect.php on line 262 and exactly 2 expected at /opt/lampp/htdocs/shop/classes/helper/HelperList.php:170)"} []
[2021-01-15 17:10:55] request.CRITICAL: Uncaught PHP Exception PrestaShop\PrestaShop\Core\Exception\InvalidArgumentException: "Missing parameter current_index to build legacy link" at /opt/lampp/htdocs/shop/src/Adapter/Routing/LegacyHelperLinkBuilder.php line 70 {"exception":"[object] (PrestaShop\\PrestaShop\\Core\\Exception\\InvalidArgumentException(code: 0): Missing parameter current_index to build legacy link at /opt/lampp/htdocs/shop/src/Adapter/Routing/LegacyHelperLinkBuilder.php:70)"} []
[2021-01-15 17:11:58] request.CRITICAL: Uncaught PHP Exception PrestaShop\PrestaShop\Core\Exception\InvalidArgumentException: "Missing parameter current_index to build legacy link" at /opt/lampp/htdocs/shop/src/Adapter/Routing/LegacyHelperLinkBuilder.php line 70 {"exception":"[object] (PrestaShop\\PrestaShop\\Core\\Exception\\InvalidArgumentException(code: 0): Missing parameter current_index to build legacy link at /opt/lampp/htdocs/shop/src/Adapter/Routing/LegacyHelperLinkBuilder.php:70)"} []
[2021-01-15 17:14:18] request.CRITICAL: Uncaught PHP Exception PrestaShop\PrestaShop\Core\Exception\InvalidArgumentException: "Missing parameter current_index to build legacy link" at /opt/lampp/htdocs/shop/src/Adapter/Routing/LegacyHelperLinkBuilder.php line 70 {"exception":"[object] (PrestaShop\\PrestaShop\\Core\\Exception\\InvalidArgumentException(code: 0): Missing parameter current_index to build legacy link at /opt/lampp/htdocs/shop/src/Adapter/Routing/LegacyHelperLinkBuilder.php:70)"} []
[2021-01-17 12:02:56] request.INFO: Matched route "admin_module_manage". {"route":"admin_module_manage","route_parameters":{"category":null,"keyword":null,"_controller":"PrestaShopBundle\\Controller\\Admin\\Improve\\ModuleController::manageAction","_legacy_controller":"AdminModulesManage","_legacy_link":["AdminModulesManage","AdminModulesSf"],"_route":"admin_module_manage"},"request_uri":"http://shop.local/admin38936k84e/index.php/improve/modules/manage?_token=NSnn8IrpslhuD7NDUXbxYBENv344BnR-G9S6EuyuqM8","method":"GET"} []
[2021-01-17 12:02:56] security.INFO: Populated the TokenStorage with an anonymous Token. [] []
[2021-01-17 12:03:03] app.ERROR: Data from PrestaShop Addons is invalid, and cannot fallback on cache.  {"exception":"cURL error 28: Operation timed out after 5000 milliseconds with 236820 bytes received"} []
[2021-01-17 12:03:55] security.DEBUG: Stored the security token in the session. {"key":"_security_main"} []
[2021-01-17 12:04:13] request.INFO: Matched route "admin_module_configure_action". {"route":"admin_module_configure_action","route_parameters":{"_controller":"PrestaShopBundle\\Controller\\Admin\\Improve\\ModuleController::configureModuleAction","_legacy_controller":"AdminModules","module_name":"mgweb_ohmega_connect","_route":"admin_module_configure_action"},"request_uri":"http://shop.local/admin38936k84e/index.php/improve/modules/manage/action/configure/mgweb_ohmega_connect?_token=NSnn8IrpslhuD7NDUXbxYBENv344BnR-G9S6EuyuqM8","method":"GET"} []
[2021-01-17 12:04:21] security.DEBUG: Read existing security token from the session. {"key":"_security_main","token_class":"Symfony\\Component\\Security\\Core\\Authentication\\Token\\UsernamePasswordToken"} []
[2021-01-17 12:04:22] security.DEBUG: User was reloaded from a user provider. {"provider":"PrestaShopBundle\\Security\\Admin\\EmployeeProvider","username":"mike@mgweb.nl"} []
[2021-01-17 12:04:34] app.ERROR: Data from PrestaShop Addons is invalid, and cannot fallback on cache.  {"exception":"cURL error 28: Operation timed out after 5003 milliseconds with 167932 bytes received"} []
[2021-01-17 12:04:35] security.DEBUG: Stored the security token in the session. {"key":"_security_main"} []
